mode: set
/Users/zviki/Code/mastering-go/extra-codes/generic-set/set.go:14.40,18.20 3 1
/Users/zviki/Code/mastering-go/extra-codes/generic-set/set.go:22.2,23.9 2 1
/Users/zviki/Code/mastering-go/extra-codes/generic-set/set.go:26.2,26.10 1 1
/Users/zviki/Code/mastering-go/extra-codes/generic-set/set.go:18.20,20.3 1 1
/Users/zviki/Code/mastering-go/extra-codes/generic-set/set.go:23.9,25.3 1 1
/Users/zviki/Code/mastering-go/extra-codes/generic-set/set.go:29.27,34.2 3 1
/Users/zviki/Code/mastering-go/extra-codes/generic-set/set.go:36.39,41.8 4 1
/Users/zviki/Code/mastering-go/extra-codes/generic-set/set.go:44.2,44.11 1 1
/Users/zviki/Code/mastering-go/extra-codes/generic-set/set.go:41.8,43.3 1 1
/Users/zviki/Code/mastering-go/extra-codes/generic-set/set.go:47.36,53.2 4 1
/Users/zviki/Code/mastering-go/extra-codes/generic-set/set.go:55.34,60.25 4 1
/Users/zviki/Code/mastering-go/extra-codes/generic-set/set.go:63.2,63.14 1 1
/Users/zviki/Code/mastering-go/extra-codes/generic-set/set.go:60.25,62.3 1 1
/Users/zviki/Code/mastering-go/extra-codes/generic-set/set.go:66.30,71.2 3 1
/Users/zviki/Code/mastering-go/extra-codes/generic-set/set.go:73.46,78.25 4 1
/Users/zviki/Code/mastering-go/extra-codes/generic-set/set.go:81.2,84.25 3 1
/Users/zviki/Code/mastering-go/extra-codes/generic-set/set.go:90.2,92.12 2 1
/Users/zviki/Code/mastering-go/extra-codes/generic-set/set.go:78.25,80.3 1 1
/Users/zviki/Code/mastering-go/extra-codes/generic-set/set.go:84.25,86.10 2 1
/Users/zviki/Code/mastering-go/extra-codes/generic-set/set.go:86.10,88.4 1 1
/Users/zviki/Code/mastering-go/extra-codes/generic-set/set.go:95.53,103.25 7 1
/Users/zviki/Code/mastering-go/extra-codes/generic-set/set.go:110.2,110.12 1 1
/Users/zviki/Code/mastering-go/extra-codes/generic-set/set.go:103.25,105.9 2 1
/Users/zviki/Code/mastering-go/extra-codes/generic-set/set.go:105.9,107.4 1 1
/Users/zviki/Code/mastering-go/extra-codes/generic-set/set.go:113.51,121.25 7 1
/Users/zviki/Code/mastering-go/extra-codes/generic-set/set.go:127.2,127.12 1 1
/Users/zviki/Code/mastering-go/extra-codes/generic-set/set.go:121.25,123.10 2 1
/Users/zviki/Code/mastering-go/extra-codes/generic-set/set.go:123.10,125.4 1 1
/Users/zviki/Code/mastering-go/extra-codes/generic-set/set.go:130.43,136.25 5 1
/Users/zviki/Code/mastering-go/extra-codes/generic-set/set.go:142.2,142.13 1 1
/Users/zviki/Code/mastering-go/extra-codes/generic-set/set.go:136.25,138.10 2 1
/Users/zviki/Code/mastering-go/extra-codes/generic-set/set.go:138.10,140.4 1 1
